<?xml version="1.0" encoding="UTF-8" ?>
<testsuite tests="33" failures="0" name="TennisTest" time="0" errors="0" skipped="0">
  <properties>
[...]
</properties>
  <testcase classname="TennisTest" name="checkAllScoresTennisGame1[0]" time="0"/>
  <testcase classname="TennisTest" name="checkAllScoresTennisGame1[1]" time="0"/>
  <testcase classname="TennisTest" name="checkAllScoresTennisGame1[2]" time="0"/>
  <testcase classname="TennisTest" name="checkAllScoresTennisGame1[3]" time="0"/>
  <testcase classname="TennisTest" name="checkAllScoresTennisGame1[4]" time="0"/>
  <testcase classname="TennisTest" name="checkAllScoresTennisGame1[5]" time="0"/>
  <testcase classname="TennisTest" name="checkAllScoresTennisGame1[6]" time="0"/>
  <testcase classname="TennisTest" name="checkAllScoresTennisGame1[7]" time="0"/>
  <testcase classname="TennisTest" name="checkAllScoresTennisGame1[8]" time="0"/>
  <testcase classname="TennisTest" name="checkAllScoresTennisGame1[9]" time="0"/>
  <testcase classname="TennisTest" name="checkAllScoresTennisGame1[10]" time="0"/>
  <testcase classname="TennisTest" name="checkAllScoresTennisGame1[11]" time="0"/>
  <testcase classname="TennisTest" name="checkAllScoresTennisGame1[12]" time="0"/>
  <testcase classname="TennisTest" name="checkAllScoresTennisGame1[13]" time="0"/>
  <testcase classname="TennisTest" name="checkAllScoresTennisGame1[14]" time="0"/>
  <testcase classname="TennisTest" name="checkAllScoresTennisGame1[15]" time="0"/>
  <testcase classname="TennisTest" name="checkAllScoresTennisGame1[16]" time="0"/>
  <testcase classname="TennisTest" name="checkAllScoresTennisGame1[17]" time="0"/>
  <testcase classname="TennisTest" name="checkAllScoresTennisGame1[18]" time="0"/>
  <testcase classname="TennisTest" name="checkAllScoresTennisGame1[19]" time="0"/>
  <testcase classname="TennisTest" name="checkAllScoresTennisGame1[20]" time="0"/>
  <testcase classname="TennisTest" name="checkAllScoresTennisGame1[21]" time="0"/>
  <testcase classname="TennisTest" name="checkAllScoresTennisGame1[22]" time="0"/>
  <testcase classname="TennisTest" name="checkAllScoresTennisGame1[23]" time="0"/>
  <testcase classname="TennisTest" name="checkAllScoresTennisGame1[24]" time="0"/>
  <testcase classname="TennisTest" name="checkAllScoresTennisGame1[25]" time="0"/>
  <testcase classname="TennisTest" name="checkAllScoresTennisGame1[26]" time="0"/>
  <testcase classname="TennisTest" name="checkAllScoresTennisGame1[27]" time="0"/>
  <testcase classname="TennisTest" name="checkAllScoresTennisGame1[28]" time="0"/>
  <testcase classname="TennisTest" name="checkAllScoresTennisGame1[29]" time="0"/>
  <testcase classname="TennisTest" name="checkAllScoresTennisGame1[30]" time="0"/>
  <testcase classname="TennisTest" name="checkAllScoresTennisGame1[31]" time="0"/>
  <testcase classname="TennisTest" name="checkAllScoresTennisGame1[32]" time="0"/>
</testsuite>